This file contains any messages produced by compilers while
running configure, to aid debugging if configure makes a mistake.

It was created by opentserv configure 0.2, which was
generated by GNU Autoconf 2.52.  Invocation command line was

  $ ./configure 

## ---------- ##
## Platform.  ##
## ---------- ##

hostname = Mithrandir
uname -m = i686
uname -r = 2.4.0
uname -s = Linux
uname -v = #33 Sun Nov 18 12:24:42 CET 2001

/usr/bin/uname -p = unknown
/bin/uname -X     = unknown

/bin/arch              = i686
/usr/bin/arch -k       = unknown
/usr/convex/getsysinfo = unknown
hostinfo               = unknown
/bin/machine           = unknown
/usr/bin/oslevel       = unknown
/bin/universe          = unknown

PATH = /bin:/usr/bin:/usr/local/bin:/usr/X11R6/bin:/usr/local/qt-2.3.1/bin:/usr/local/j2sdk1.3.0/bin

## ------------ ##
## Core tests.  ##
## ------------ ##

configure:921: PATH=".;."; conftest.sh
./configure: conftest.sh: command not found
configure:924: $? = 127
configure:964: checking build system type
configure:982: result: i686-pc-linux-gnu
configure:989: checking host system type
configure:1003: result: i686-pc-linux-gnu
configure:1010: checking target system type
configure:1024: result: i686-pc-linux-gnu
configure:1096: checking for g++
configure:1111: found /usr/bin/g++
configure:1119: result: g++
configure:1134: checking for C++ compiler version
configure:1137: g++ --version </dev/null >&5
2.95.2.1
configure:1140: $? = 0
configure:1142: g++ -v </dev/null >&5
Reading specs from /usr/lib/gcc-lib/i686-pc-linux-gnu/2.95.2.1/specs
gcc version 2.95.2.1 19991024 (release)
configure:1145: $? = 0
configure:1147: g++ -V </dev/null >&5
g++: argument to `-V' missing

configure:1150: $? = 1
configure:1170: checking for C++ compiler default output
configure:1173: g++    conftest.cc  >&5
configure:1176: $? = 0
configure:1205: result: a.out
configure:1210: checking whether the C++ compiler works
configure:1216: ./a.out
configure:1219: $? = 0
configure:1234: result: yes
configure:1241: checking whether we are cross compiling
configure:1243: result: no
configure:1246: checking for executable suffix
configure:1248: g++ -o conftest    conftest.cc  >&5
configure:1251: $? = 0
configure:1273: result: 
configure:1279: checking for object suffix
configure:1297: g++ -c   conftest.cc >&5
configure:1300: $? = 0
configure:1319: result: o
configure:1323: checking whether we are using the GNU C++ compiler
configure:1344: g++ -c   conftest.cc >&5
configure:1347: $? = 0
configure:1350: test -s conftest.o
configure:1353: $? = 0
configure:1365: result: yes
configure:1371: checking whether g++ accepts -g
configure:1389: g++ -c -g  conftest.cc >&5
configure:1392: $? = 0
configure:1395: test -s conftest.o
configure:1398: $? = 0
configure:1408: result: yes
configure:1448: g++ -c -g -O2  conftest.cc >&5
configure:1451: $? = 0
configure:1454: test -s conftest.o
configure:1457: $? = 0
configure:1479: g++ -c -g -O2  conftest.cc >&5
configure:1482: $? = 0
configure:1485: test -s conftest.o
configure:1488: $? = 0
configure:1640: creating ./config.status

## ----------------------- ##
## Running config.status.  ##
## ----------------------- ##

This file was extended by config.status (opentserv 0.2) 2.52, executed with
  CONFIG_FILES    = 
  CONFIG_HEADERS  = 
  CONFIG_LINKS    = 
  CONFIG_COMMANDS = 
  > ./config.status 
on Mithrandir

config.status:2072: creating Makefile

## ----------------- ##
## Cache variables.  ##
## ----------------- ##

ac_cv_build=i686-pc-linux-gnu
ac_cv_build_alias=i686-pc-linux-gnu
ac_cv_cxx_compiler_gnu=yes
ac_cv_env_CPPFLAGS_set=
ac_cv_env_CPPFLAGS_value=
ac_cv_env_CXXFLAGS_set=
ac_cv_env_CXXFLAGS_value=
ac_cv_env_CXX_set=
ac_cv_env_CXX_value=
ac_cv_env_LDFLAGS_set=
ac_cv_env_LDFLAGS_value=
ac_cv_env_build_alias_set=
ac_cv_env_build_alias_value=
ac_cv_env_host_alias_set=
ac_cv_env_host_alias_value=
ac_cv_env_target_alias_set=
ac_cv_env_target_alias_value=
ac_cv_host=i686-pc-linux-gnu
ac_cv_host_alias=i686-pc-linux-gnu
ac_cv_objext=o
ac_cv_prog_ac_ct_CXX=g++
ac_cv_prog_cxx_g=yes
ac_cv_target=i686-pc-linux-gnu
ac_cv_target_alias=i686-pc-linux-gnu


configure: exit 0
